Performing C SOURCE FILE Test CMAKE_HAVE_LIBC_PTHREAD failed with the following output:
Change Dir: /home/fengsc/cpp/folly-study/build/CMakeFiles/CMakeTmp

Run Build Command(s):/usr/bin/make cmTC_6d647/fast && /usr/bin/make  -f CMakeFiles/cmTC_6d647.dir/build.make CMakeFiles/cmTC_6d647.dir/build
make[1]: Entering directory '/home/fengsc/cpp/folly-study/build/CMakeFiles/CMakeTmp'
Building C object CMakeFiles/cmTC_6d647.dir/src.c.o
/usr/bin/cc   -DCMAKE_HAVE_LIBC_PTHREAD -o CMakeFiles/cmTC_6d647.dir/src.c.o -c /home/fengsc/cpp/folly-study/build/CMakeFiles/CMakeTmp/src.c
Linking C executable cmTC_6d647
/usr/local/bin/cmake -E cmake_link_script CMakeFiles/cmTC_6d647.dir/link.txt --verbose=1
/usr/bin/cc  -DCMAKE_HAVE_LIBC_PTHREAD CMakeFiles/cmTC_6d647.dir/src.c.o -o cmTC_6d647 
/usr/bin/ld: CMakeFiles/cmTC_6d647.dir/src.c.o: in function `main':
src.c:(.text+0x46): undefined reference to `pthread_create'
/usr/bin/ld: src.c:(.text+0x52): undefined reference to `pthread_detach'
/usr/bin/ld: src.c:(.text+0x5e): undefined reference to `pthread_cancel'
/usr/bin/ld: src.c:(.text+0x6f): undefined reference to `pthread_join'
collect2: error: ld returned 1 exit status
make[1]: *** [CMakeFiles/cmTC_6d647.dir/build.make:106: cmTC_6d647] Error 1
make[1]: Leaving directory '/home/fengsc/cpp/folly-study/build/CMakeFiles/CMakeTmp'
make: *** [Makefile:140: cmTC_6d647/fast] Error 2


Source file was:
#include <pthread.h>

void* test_func(void* data)
{
  return data;
}

int main(void)
{
  pthread_t thread;
  pthread_create(&thread, NULL, test_func, NULL);
  pthread_detach(thread);
  pthread_cancel(thread);
  pthread_join(thread, NULL);
  pthread_atfork(NULL, NULL, NULL);
  pthread_exit(NULL);

  return 0;
}

Determining if the function pthread_create exists in the pthreads failed with the following output:
Change Dir: /home/fengsc/cpp/folly-study/build/CMakeFiles/CMakeTmp

Run Build Command(s):/usr/bin/make cmTC_ad9d2/fast && /usr/bin/make  -f CMakeFiles/cmTC_ad9d2.dir/build.make CMakeFiles/cmTC_ad9d2.dir/build
make[1]: Entering directory '/home/fengsc/cpp/folly-study/build/CMakeFiles/CMakeTmp'
Building C object CMakeFiles/cmTC_ad9d2.dir/CheckFunctionExists.c.o
/usr/bin/cc   -DCHECK_FUNCTION_EXISTS=pthread_create -o CMakeFiles/cmTC_ad9d2.dir/CheckFunctionExists.c.o -c /usr/local/share/cmake-3.18/Modules/CheckFunctionExists.c
Linking C executable cmTC_ad9d2
/usr/local/bin/cmake -E cmake_link_script CMakeFiles/cmTC_ad9d2.dir/link.txt --verbose=1
/usr/bin/cc  -DCHECK_FUNCTION_EXISTS=pthread_create CMakeFiles/cmTC_ad9d2.dir/CheckFunctionExists.c.o -o cmTC_ad9d2  -lpthreads 
/usr/bin/ld: cannot find -lpthreads
collect2: error: ld returned 1 exit status
make[1]: *** [CMakeFiles/cmTC_ad9d2.dir/build.make:106: cmTC_ad9d2] Error 1
make[1]: Leaving directory '/home/fengsc/cpp/folly-study/build/CMakeFiles/CMakeTmp'
make: *** [Makefile:140: cmTC_ad9d2/fast] Error 2



