Performing C SOURCE FILE Test CMAKE_HAVE_LIBC_PTHREAD failed with the following output:
Change Dir: /home/fengsc/cpp/build/CMakeFiles/CMakeTmp

Run Build Command(s):/usr/bin/ninja cmTC_d4b7e && [1/2] Building C object CMakeFiles/cmTC_d4b7e.dir/src.c.o
[2/2] Linking C executable cmTC_d4b7e
FAILED: cmTC_d4b7e 
: && /usr/bin/gcc -DCMAKE_HAVE_LIBC_PTHREAD -rdynamic CMakeFiles/cmTC_d4b7e.dir/src.c.o -o cmTC_d4b7e   && :
/usr/bin/ld: CMakeFiles/cmTC_d4b7e.dir/src.c.o: in function `main':
src.c:(.text+0x46): undefined reference to `pthread_create'
/usr/bin/ld: src.c:(.text+0x52): undefined reference to `pthread_detach'
/usr/bin/ld: src.c:(.text+0x5e): undefined reference to `pthread_cancel'
/usr/bin/ld: src.c:(.text+0x6f): undefined reference to `pthread_join'
collect2: error: ld returned 1 exit status
ninja: build stopped: subcommand failed.


Source file was:
#include <pthread.h>

void* test_func(void* data)
{
  return data;
}

int main(void)
{
  pthread_t thread;
  pthread_create(&thread, NULL, test_func, NULL);
  pthread_detach(thread);
  pthread_cancel(thread);
  pthread_join(thread, NULL);
  pthread_atfork(NULL, NULL, NULL);
  pthread_exit(NULL);

  return 0;
}

Performing C++ SOURCE FILE Test FOLLY_STDLIB_LIBCXX failed with the following output:
Change Dir: /home/fengsc/cpp/build/CMakeFiles/CMakeTmp

Run Build Command(s):/usr/bin/ninja cmTC_14674 && [1/2] Building CXX object CMakeFiles/cmTC_14674.dir/src.cxx.o
[2/2] Linking CXX executable cmTC_14674
FAILED: cmTC_14674 
: && /usr/bin/g++ -DFOLLY_STDLIB_LIBCXX -rdynamic CMakeFiles/cmTC_14674.dir/src.cxx.o -o cmTC_14674  -ldl  -pthread && :
/usr/bin/ld: /usr/lib/gcc/x86_64-linux-gnu/10/../../../x86_64-linux-gnu/Scrt1.o: in function `_start':
(.text+0x24): undefined reference to `main'
collect2: error: ld returned 1 exit status
ninja: build stopped: subcommand failed.


Source file was:

  #include <type_traits>
  #if _LIBCPP_VERSION
  int main() {}
  #endif
Performing C++ SOURCE FILE Test FOLLY_STDLIB_LIBCXX_GE_9 failed with the following output:
Change Dir: /home/fengsc/cpp/build/CMakeFiles/CMakeTmp

Run Build Command(s):/usr/bin/ninja cmTC_e9176 && [1/2] Building CXX object CMakeFiles/cmTC_e9176.dir/src.cxx.o
[2/2] Linking CXX executable cmTC_e9176
FAILED: cmTC_e9176 
: && /usr/bin/g++ -DFOLLY_STDLIB_LIBCXX_GE_9 -rdynamic CMakeFiles/cmTC_e9176.dir/src.cxx.o -o cmTC_e9176  -ldl  -pthread && :
/usr/bin/ld: /usr/lib/gcc/x86_64-linux-gnu/10/../../../x86_64-linux-gnu/Scrt1.o: in function `_start':
(.text+0x24): undefined reference to `main'
collect2: error: ld returned 1 exit status
ninja: build stopped: subcommand failed.


Source file was:

  #include <type_traits>
  #if _LIBCPP_VERSION >= 9000
  int main() {}
  #endif
Performing C++ SOURCE FILE Test FOLLY_STDLIB_LIBCPP failed with the following output:
Change Dir: /home/fengsc/cpp/build/CMakeFiles/CMakeTmp

Run Build Command(s):/usr/bin/ninja cmTC_020c5 && [1/2] Building CXX object CMakeFiles/cmTC_020c5.dir/src.cxx.o
[2/2] Linking CXX executable cmTC_020c5
FAILED: cmTC_020c5 
: && /usr/bin/g++ -DFOLLY_STDLIB_LIBCPP -rdynamic CMakeFiles/cmTC_020c5.dir/src.cxx.o -o cmTC_020c5  -ldl  -pthread && :
/usr/bin/ld: /usr/lib/gcc/x86_64-linux-gnu/10/../../../x86_64-linux-gnu/Scrt1.o: in function `_start':
(.text+0x24): undefined reference to `main'
collect2: error: ld returned 1 exit status
ninja: build stopped: subcommand failed.


Source file was:

  #include <type_traits>
  #if _CPPLIB_VER
  int main() {}
  #endif
Performing C++ SOURCE FILE Test COMPILER_HAS_UNKNOWN_WARNING_OPTION failed with the following output:
Change Dir: /home/fengsc/cpp/build/CMakeFiles/CMakeTmp

Run Build Command(s):/usr/bin/ninja cmTC_51f9e && [1/2] Building CXX object CMakeFiles/cmTC_51f9e.dir/src.cxx.o
FAILED: CMakeFiles/cmTC_51f9e.dir/src.cxx.o 
/usr/bin/g++   -DCOMPILER_HAS_UNKNOWN_WARNING_OPTION   -Werror=unknown-warning-option -pthread -o CMakeFiles/cmTC_51f9e.dir/src.cxx.o -c src.cxx
cc1plus: error: '-Werror=unknown-warning-option': no option '-Wunknown-warning-option'
ninja: build stopped: subcommand failed.


Source file was:
int main() { return 0; }
Performing C++ SOURCE FILE Test COMPILER_HAS_W_NULLABILITY_COMPLETENESS failed with the following output:
Change Dir: /home/fengsc/cpp/build/CMakeFiles/CMakeTmp

Run Build Command(s):/usr/bin/ninja cmTC_3488c && [1/2] Building CXX object CMakeFiles/cmTC_3488c.dir/src.cxx.o
FAILED: CMakeFiles/cmTC_3488c.dir/src.cxx.o 
/usr/bin/g++   -DCOMPILER_HAS_W_NULLABILITY_COMPLETENESS   -Wnullability-completeness -pthread -o CMakeFiles/cmTC_3488c.dir/src.cxx.o -c src.cxx
g++: error: unrecognized command-line option '-Wnullability-completeness'
ninja: build stopped: subcommand failed.


Source file was:
int main() { return 0; }
Performing C++ SOURCE FILE Test COMPILER_HAS_W_INCONSISTENT_MISSING_OVERRIDE failed with the following output:
Change Dir: /home/fengsc/cpp/build/CMakeFiles/CMakeTmp

Run Build Command(s):/usr/bin/ninja cmTC_f7811 && [1/2] Building CXX object CMakeFiles/cmTC_f7811.dir/src.cxx.o
FAILED: CMakeFiles/cmTC_f7811.dir/src.cxx.o 
/usr/bin/g++   -DCOMPILER_HAS_W_INCONSISTENT_MISSING_OVERRIDE   -Winconsistent-missing-override -pthread -o CMakeFiles/cmTC_f7811.dir/src.cxx.o -c src.cxx
g++: error: unrecognized command-line option '-Winconsistent-missing-override'
ninja: build stopped: subcommand failed.


Source file was:
int main() { return 0; }
